<?xml version="1.0" encoding="UTF-8"?>
<!-- Generated by org.testng.reporters.JUnitReportReporter -->
<testsuite skipped="0" hostname="TalluriPC" name="com.qa.tests.GetAPITest" tests="2" failures="0" timestamp="29 Sep 2018 23:02:44 GMT" time="4.152" errors="0">
  <testcase name="getAPITestWithoutHeaders" time="3.823" classname="com.qa.tests.GetAPITest"/>
  <testcase name="getAPITestWithHeaders" time="0.329" classname="com.qa.tests.GetAPITest"/>
</testsuite> <!-- com.qa.tests.GetAPITest -->
