<?xml version="1.0" encoding="UTF-8"?>
<!-- Generated by org.testng.reporters.JUnitReportReporter -->
<testsuite skipped="0" hostname="TalluriPC" name="com.qa.tests.DeleteAPITest" tests="1" failures="0" timestamp="30 Sep 2018 22:36:50 GMT" time="1.666" errors="0">
  <testcase name="deleteAPITestWithoutHeaders" time="1.666" classname="com.qa.tests.DeleteAPITest"/>
</testsuite> <!-- com.qa.tests.DeleteAPITest -->
