<?xml version="1.0" encoding="UTF-8"?>
<!-- Generated by org.testng.reporters.JUnitReportReporter -->
<testsuite skipped="0" hostname="TalluriPC" name="com.qa.tests.PutAPITest" tests="1" failures="0" timestamp="30 Sep 2018 03:49:00 GMT" time="1.775" errors="0">
  <testcase name="putAPITest" time="1.775" classname="com.qa.tests.PutAPITest"/>
</testsuite> <!-- com.qa.tests.PutAPITest -->
