<?xml version="1.0" encoding="UTF-8"?>
<!-- Generated by org.testng.reporters.JUnitReportReporter -->
<testsuite skipped="0" hostname="TalluriPC" name="com.qa.tests.PostAPITest" tests="1" failures="0" timestamp="30 Sep 2018 22:39:20 GMT" time="6.929" errors="0">
  <testcase name="postAPITest" time="6.929" classname="com.qa.tests.PostAPITest"/>
</testsuite> <!-- com.qa.tests.PostAPITest -->
